# JRE version: Java(TM) SE Runtime Environment (8.0_91-b15) (build 1.8.0_91-b15)
# Java VM: Java HotSpot(TM) 64-Bit Server VM (25.91-b15 mixed mode windows-amd64 compressed oops)
Heap:
 PSYoungGen      total 238592K, used 88066K [0x00000000e0000000, 0x00000000f1980000, 0x0000000100000000)
  eden space 209920K, 41% used [0x00000000e0000000,0x00000000e5600ac8,0x00000000ecd00000)
  from space 28672K, 0% used [0x00000000ecd00000,0x00000000ecd00000,0x00000000ee900000)
  to   space 29184K, 0% used [0x00000000efd00000,0x00000000efd00000,0x00000000f1980000)
 ParOldGen       total 80896K, used 50813K [0x00000000a0000000, 0x00000000a4f00000, 0x00000000e0000000)
  object space 80896K, 62% used [0x00000000a0000000,0x00000000a319f4e0,0x00000000a4f00000)
 Metaspace       used 68454K, capacity 71098K, committed 71424K, reserved 1112064K
  class space    used 9059K, capacity 9606K, committed 9728K, reserved 1048576K
GC Heap History (10 events):
Event: 283.644 GC heap before
{Heap before GC invocations=27 (full 4):
 PSYoungGen      total 224768K, used 132076K [0x00000000e0000000, 0x00000000f0700000, 0x0000000100000000)
  eden space 201728K, 54% used [0x00000000e0000000,0x00000000e6a7f530,0x00000000ec500000)
  from space 23040K, 99% used [0x00000000ee180000,0x00000000ef7fbd10,0x00000000ef800000)
  to   space 29184K, 0% used [0x00000000ec500000,0x00000000ec500000,0x00000000ee180000)
 ParOldGen       total 80896K, used 44951K [0x00000000a0000000, 0x00000000a4f00000, 0x00000000e0000000)
  object space 80896K, 55% used [0x00000000a0000000,0x00000000a2be5fd0,0x00000000a4f00000)
 Metaspace       used 64361K, capacity 66040K, committed 66304K, reserved 1107968K
  class space    used 8345K, capacity 8684K, committed 8704K, reserved 1048576K
Event: 283.758 GC heap after
Heap after GC invocations=27 (full 4):
 PSYoungGen      total 230912K, used 8347K [0x00000000e0000000, 0x00000000f0400000, 0x0000000100000000)
  eden space 201728K, 0% used [0x00000000e0000000,0x00000000e0000000,0x00000000ec500000)
  from space 29184K, 28% used [0x00000000ec500000,0x00000000ecd26e98,0x00000000ee180000)
  to   space 27648K, 0% used [0x00000000ee900000,0x00000000ee900000,0x00000000f0400000)
 ParOldGen       total 80896K, used 48196K [0x00000000a0000000, 0x00000000a4f00000, 0x00000000e0000000)
  object space 80896K, 59% used [0x00000000a0000000,0x00000000a2f110b8,0x00000000a4f00000)
 Metaspace       used 64361K, capacity 66040K, committed 66304K, reserved 1107968K
  class space    used 8345K, capacity 8684K, committed 8704K, reserved 1048576K
}
Event: 283.759 GC heap before
{Heap before GC invocations=28 (full 5):
 PSYoungGen      total 230912K, used 8347K [0x00000000e0000000, 0x00000000f0400000, 0x0000000100000000)
  eden space 201728K, 0% used [0x00000000e0000000,0x00000000e0000000,0x00000000ec500000)
  from space 29184K, 28% used [0x00000000ec500000,0x00000000ecd26e98,0x00000000ee180000)
  to   space 27648K, 0% used [0x00000000ee900000,0x00000000ee900000,0x00000000f0400000)
 ParOldGen       total 80896K, used 48196K [0x00000000a0000000, 0x00000000a4f00000, 0x00000000e0000000)
  object space 80896K, 59% used [0x00000000a0000000,0x00000000a2f110b8,0x00000000a4f00000)
 Metaspace       used 64361K, capacity 66040K, committed 66304K, reserved 1107968K
  class space    used 8345K, capacity 8684K, committed 8704K, reserved 1048576K
Event: 284.834 GC heap after
Heap after GC invocations=28 (full 5):
 PSYoungGen      total 230912K, used 0K [0x00000000e0000000, 0x00000000f0400000, 0x0000000100000000)
  eden space 201728K, 0% used [0x00000000e0000000,0x00000000e0000000,0x00000000ec500000)
  from space 29184K, 0% used [0x00000000ec500000,0x00000000ec500000,0x00000000ee180000)
  to   space 27648K, 0% used [0x00000000ee900000,0x00000000ee900000,0x00000000f0400000)
 ParOldGen       total 80896K, used 37465K [0x00000000a0000000, 0x00000000a4f00000, 0x00000000e0000000)
  object space 80896K, 46% used [0x00000000a0000000,0x00000000a24966d0,0x00000000a4f00000)
 Metaspace       used 64361K, capacity 66040K, committed 66304K, reserved 1107968K
  class space    used 8345K, capacity 8684K, committed 8704K, reserved 1048576K
}
Event: 511.621 GC heap before
{Heap before GC invocations=29 (full 5):
 PSYoungGen      total 230912K, used 201728K [0x00000000e0000000, 0x00000000f0400000, 0x0000000100000000)
  eden space 201728K, 100% used [0x00000000e0000000,0x00000000ec500000,0x00000000ec500000)
  from space 29184K, 0% used [0x00000000ec500000,0x00000000ec500000,0x00000000ee180000)
  to   space 27648K, 0% used [0x00000000ee900000,0x00000000ee900000,0x00000000f0400000)
 ParOldGen       total 80896K, used 37465K [0x00000000a0000000, 0x00000000a4f00000, 0x00000000e0000000)
  object space 80896K, 46% used [0x00000000a0000000,0x00000000a24966d0,0x00000000a4f00000)
 Metaspace       used 67428K, capacity 69786K, committed 70016K, reserved 1110016K
  class space    used 8900K, capacity 9321K, committed 9344K, reserved 1048576K
Event: 511.951 GC heap after
Heap after GC invocations=29 (full 5):
 PSYoungGen      total 237568K, used 17312K [0x00000000e0000000, 0x00000000f1880000, 0x0000000100000000)
  eden space 209920K, 0% used [0x00000000e0000000,0x00000000e0000000,0x00000000ecd00000)
  from space 27648K, 62% used [0x00000000ee900000,0x00000000ef9e8000,0x00000000f0400000)
  to   space 28672K, 0% used [0x00000000ecd00000,0x00000000ecd00000,0x00000000ee900000)
 ParOldGen       total 80896K, used 37473K [0x00000000a0000000, 0x00000000a4f00000, 0x00000000e0000000)
  object space 80896K, 46% used [0x00000000a0000000,0x00000000a24986d0,0x00000000a4f00000)
 Metaspace       used 67428K, capacity 69786K, committed 70016K, reserved 1110016K
  class space    used 8900K, capacity 9321K, committed 9344K, reserved 1048576K
}
Event: 512.803 GC heap before
{Heap before GC invocations=30 (full 5):
 PSYoungGen      total 237568K, used 40769K [0x00000000e0000000, 0x00000000f1880000, 0x0000000100000000)
  eden space 209920K, 11% used [0x00000000e0000000,0x00000000e16e86f8,0x00000000ecd00000)
  from space 27648K, 62% used [0x00000000ee900000,0x00000000ef9e8000,0x00000000f0400000)
  to   space 28672K, 0% used [0x00000000ecd00000,0x00000000ecd00000,0x00000000ee900000)
 ParOldGen       total 80896K, used 37473K [0x00000000a0000000, 0x00000000a4f00000, 0x00000000e0000000)
  object space 80896K, 46% used [0x00000000a0000000,0x00000000a24986d0,0x00000000a4f00000)
 Metaspace       used 68209K, capacity 70730K, committed 70784K, reserved 1110016K
  class space    used 9037K, capacity 9546K, committed 9600K, reserved 1048576K
Event: 512.982 GC heap after
Heap after GC invocations=30 (full 5):
 PSYoungGen      total 238592K, used 17274K [0x00000000e0000000, 0x00000000f1980000, 0x0000000100000000)
  eden space 209920K, 0% used [0x00000000e0000000,0x00000000e0000000,0x00000000ecd00000)
  from space 28672K, 60% used [0x00000000ecd00000,0x00000000eddde950,0x00000000ee900000)
  to   space 29184K, 0% used [0x00000000efd00000,0x00000000efd00000,0x00000000f1980000)
 ParOldGen       total 80896K, used 37481K [0x00000000a0000000, 0x00000000a4f00000, 0x00000000e0000000)
  object space 80896K, 46% used [0x00000000a0000000,0x00000000a249a6d0,0x00000000a4f00000)
 Metaspace       used 68209K, capacity 70730K, committed 70784K, reserved 1110016K
  class space    used 9037K, capacity 9546K, committed 9600K, reserved 1048576K
}
Event: 513.064 GC heap before
{Heap before GC invocations=31 (full 6):
 PSYoungGen      total 238592K, used 17274K [0x00000000e0000000, 0x00000000f1980000, 0x0000000100000000)
  eden space 209920K, 0% used [0x00000000e0000000,0x00000000e0000000,0x00000000ecd00000)
  from space 28672K, 60% used [0x00000000ecd00000,0x00000000eddde950,0x00000000ee900000)
  to   space 29184K, 0% used [0x00000000efd00000,0x00000000efd00000,0x00000000f1980000)
 ParOldGen       total 80896K, used 37481K [0x00000000a0000000, 0x00000000a4f00000, 0x00000000e0000000)
  object space 80896K, 46% used [0x00000000a0000000,0x00000000a249a6d0,0x00000000a4f00000)
 Metaspace       used 68209K, capacity 70730K, committed 70784K, reserved 1110016K
  class space    used 9037K, capacity 9546K, committed 9600K, reserved 1048576K
Event: 522.909 GC heap after
Heap after GC invocations=31 (full 6):
 PSYoungGen      total 238592K, used 0K [0x00000000e0000000, 0x00000000f1980000, 0x0000000100000000)
  eden space 209920K, 0% used [0x00000000e0000000,0x00000000e0000000,0x00000000ecd00000)
  from space 28672K, 0% used [0x00000000ecd00000,0x00000000ecd00000,0x00000000ee900000)
  to   space 29184K, 0% used [0x00000000efd00000,0x00000000efd00000,0x00000000f1980000)
 ParOldGen       total 80896K, used 50813K [0x00000000a0000000, 0x00000000a4f00000, 0x00000000e0000000)
  object space 80896K, 62% used [0x00000000a0000000,0x00000000a319f4e0,0x00000000a4f00000)
 Metaspace       used 68209K, capacity 70730K, committed 70784K, reserved 1110016K
  class space    used 9037K, capacity 9546K, committed 9600K, reserved 1048576K
}

